12:03:23 **** Build of configuration gcc-debug for project inet ****
make MODE=debug CONFIGNAME=gcc-debug -j4 all 
cd src && make
make[1]: Entering directory `/c/Users/Arthur/Desktop/WORK/inet-2.5.0/src'
make[1]: Leaving directory `/c/Users/Arthur/Desktop/WORK/inet-2.5.0/src'
12:03:30 **** Build of configuration gcc-debug for project hello ****
make MODE=debug CONFIGNAME=gcc-debug all 
cd src && make
make[1]: Entering directory `/c/Users/Arthur/Documents/GitHub/AODV-Protocol-/hello/src'
make[1]: Leaving directory `/c/Users/Arthur/Documents/GitHub/AODV-Protocol-/hello/src'
12:08:44 **** Incremental Build of configuration gcc-debug for project inet ****
make MODE=debug CONFIGNAME=gcc-debug -j4 all 
cd src && make
make[1]: Entering directory `/c/Users/Arthur/Desktop/WORK/inet-2.5.0/src'
make[1]: Leaving directory `/c/Users/Arthur/Desktop/WORK/inet-2.5.0/src'
12:08:52 **** Incremental Build of configuration gcc-debug for project hello ****
make MODE=debug CONFIGNAME=gcc-debug all 
cd src && make
make[1]: Entering directory `/c/Users/Arthur/Documents/GitHub/AODV-Protocol-/hello/src'
make[1]: Leaving directory `/c/Users/Arthur/Documents/GitHub/AODV-Protocol-/hello/src'
12:09:09 **** Incremental Build of configuration gcc-debug for project inet ****
make MODE=debug CONFIGNAME=gcc-debug -j4 all 
cd src && make
make[1]: Entering directory `/c/Users/Arthur/Desktop/WORK/inet-2.5.0/src'
ln: cannot remove `./libinet.dll': Permission denied
make[1]: *** [all] Error 1
make[1]: Leaving directory `/c/Users/Arthur/Desktop/WORK/inet-2.5.0/src'
make: *** [all] Error 2
12:09:16 **** Incremental Build of configuration gcc-debug for project hello ****
make MODE=debug CONFIGNAME=gcc-debug all 
cd src && make
make[1]: Entering directory `/c/Users/Arthur/Documents/GitHub/AODV-Protocol-/hello/src'
ln: cannot remove `./hello.exe': Permission denied
make[1]: *** [all] Error 1
make[1]: Leaving directory `/c/Users/Arthur/Documents/GitHub/AODV-Protocol-/hello/src'
make: *** [all] Error 2
12:10:05 **** Incremental Build of configuration gcc-debug for project inet ****
make MODE=debug CONFIGNAME=gcc-debug -j4 all 
cd src && make
make[1]: Entering directory `/c/Users/Arthur/Desktop/WORK/inet-2.5.0/src'
make[1]: Leaving directory `/c/Users/Arthur/Desktop/WORK/inet-2.5.0/src'
12:10:12 **** Incremental Build of configuration gcc-debug for project hello ****
make MODE=debug CONFIGNAME=gcc-debug all 
cd src && make
make[1]: Entering directory `/c/Users/Arthur/Documents/GitHub/AODV-Protocol-/hello/src'
make[1]: Leaving directory `/c/Users/Arthur/Documents/GitHub/AODV-Protocol-/hello/src'
12:10:13 **** Incremental Build of configuration gcc-debug for project inet ****
make MODE=debug CONFIGNAME=gcc-debug -j4 all 
cd src && make
make[1]: Entering directory `/c/Users/Arthur/Desktop/WORK/inet-2.5.0/src'
make[1]: Leaving directory `/c/Users/Arthur/Desktop/WORK/inet-2.5.0/src'
12:10:21 **** Incremental Build of configuration gcc-debug for project hello ****
make MODE=debug CONFIGNAME=gcc-debug all 
cd src && make
make[1]: Entering directory `/c/Users/Arthur/Documents/GitHub/AODV-Protocol-/hello/src'
make[1]: Leaving directory `/c/Users/Arthur/Documents/GitHub/AODV-Protocol-/hello/src'
12:10:39 **** Incremental Build of configuration gcc-debug for project inet ****
make MODE=debug CONFIGNAME=gcc-debug -j4 all 
cd src && make
make[1]: Entering directory `/c/Users/Arthur/Desktop/WORK/inet-2.5.0/src'
make[1]: Leaving directory `/c/Users/Arthur/Desktop/WORK/inet-2.5.0/src'
12:10:46 **** Incremental Build of configuration gcc-debug for project hello ****
make MODE=debug CONFIGNAME=gcc-debug all 
cd src && make
make[1]: Entering directory `/c/Users/Arthur/Documents/GitHub/AODV-Protocol-/hello/src'
make[1]: Leaving directory `/c/Users/Arthur/Documents/GitHub/AODV-Protocol-/hello/src'
12:10:53 **** Incremental Build of configuration gcc-debug for project inet ****
make MODE=debug CONFIGNAME=gcc-debug -j4 all 
cd src && make
make[1]: Entering directory `/c/Users/Arthur/Desktop/WORK/inet-2.5.0/src'
ln: cannot remove `./libinet.dll': Permission denied
make[1]: *** [all] Error 1
make[1]: Leaving directory `/c/Users/Arthur/Desktop/WORK/inet-2.5.0/src'
make: *** [all] Error 2
12:11:00 **** Incremental Build of configuration gcc-debug for project hello ****
make MODE=debug CONFIGNAME=gcc-debug all 
cd src && make
make[1]: Entering directory `/c/Users/Arthur/Documents/GitHub/AODV-Protocol-/hello/src'
ln: cannot remove `./hello.exe': Permission denied
make[1]: *** [all] Error 1
make[1]: Leaving directory `/c/Users/Arthur/Documents/GitHub/AODV-Protocol-/hello/src'
make: *** [all] Error 2
12:14:35 **** Incremental Build of configuration gcc-debug for project inet ****
make MODE=debug CONFIGNAME=gcc-debug -j4 all 
cd src && make
make[1]: Entering directory `/c/Users/Arthur/Desktop/WORK/inet-2.5.0/src'
make[1]: Leaving directory `/c/Users/Arthur/Desktop/WORK/inet-2.5.0/src'
12:14:42 **** Incremental Build of configuration gcc-debug for project hello ****
make MODE=debug CONFIGNAME=gcc-debug all 
cd src && make
make[1]: Entering directory `/c/Users/Arthur/Documents/GitHub/AODV-Protocol-/hello/src'
make[1]: Leaving directory `/c/Users/Arthur/Documents/GitHub/AODV-Protocol-/hello/src'
12:16:55 **** Incremental Build of configuration gcc-debug for project inet ****
make MODE=debug CONFIGNAME=gcc-debug -j4 all 
cd src && make
make[1]: Entering directory `/c/Users/Arthur/Desktop/WORK/inet-2.5.0/src'
make[1]: Leaving directory `/c/Users/Arthur/Desktop/WORK/inet-2.5.0/src'
12:17:02 **** Incremental Build of configuration gcc-debug for project hello ****
make MODE=debug CONFIGNAME=gcc-debug all 
cd src && make
make[1]: Entering directory `/c/Users/Arthur/Documents/GitHub/AODV-Protocol-/hello/src'
make[1]: Leaving directory `/c/Users/Arthur/Documents/GitHub/AODV-Protocol-/hello/src'
12:18:10 **** Incremental Build of configuration gcc-debug for project inet ****
make MODE=debug CONFIGNAME=gcc-debug -j4 all 
cd src && make
make[1]: Entering directory `/c/Users/Arthur/Desktop/WORK/inet-2.5.0/src'
make[1]: Leaving directory `/c/Users/Arthur/Desktop/WORK/inet-2.5.0/src'
12:18:17 **** Incremental Build of configuration gcc-debug for project hello ****
make MODE=debug CONFIGNAME=gcc-debug all 
cd src && make
make[1]: Entering directory `/c/Users/Arthur/Documents/GitHub/AODV-Protocol-/hello/src'
make[1]: Leaving directory `/c/Users/Arthur/Documents/GitHub/AODV-Protocol-/hello/src'
12:19:19 **** Incremental Build of configuration gcc-debug for project inet ****
make MODE=debug CONFIGNAME=gcc-debug -j4 all 
cd src && make
make[1]: Entering directory `/c/Users/Arthur/Desktop/WORK/inet-2.5.0/src'
make[1]: Leaving directory `/c/Users/Arthur/Desktop/WORK/inet-2.5.0/src'
12:19:27 **** Incremental Build of configuration gcc-debug for project hello ****
make MODE=debug CONFIGNAME=gcc-debug all 
cd src && make
make[1]: Entering directory `/c/Users/Arthur/Documents/GitHub/AODV-Protocol-/hello/src'
make[1]: Leaving directory `/c/Users/Arthur/Documents/GitHub/AODV-Protocol-/hello/src'
12:22:28 **** Incremental Build of configuration gcc-debug for project inet ****
make MODE=debug CONFIGNAME=gcc-debug -j4 all 
cd src && make
make[1]: Entering directory `/c/Users/Arthur/Desktop/WORK/inet-2.5.0/src'
make[1]: Leaving directory `/c/Users/Arthur/Desktop/WORK/inet-2.5.0/src'
12:22:36 **** Incremental Build of configuration gcc-debug for project hello ****
make MODE=debug CONFIGNAME=gcc-debug all 
cd src && make
make[1]: Entering directory `/c/Users/Arthur/Documents/GitHub/AODV-Protocol-/hello/src'
make[1]: Leaving directory `/c/Users/Arthur/Documents/GitHub/AODV-Protocol-/hello/src'
12:23:19 **** Incremental Build of configuration gcc-debug for project inet ****
make MODE=debug CONFIGNAME=gcc-debug -j4 all 
cd src && make
make[1]: Entering directory `/c/Users/Arthur/Desktop/WORK/inet-2.5.0/src'
make[1]: Leaving directory `/c/Users/Arthur/Desktop/WORK/inet-2.5.0/src'
12:23:27 **** Incremental Build of configuration gcc-debug for project hello ****
make MODE=debug CONFIGNAME=gcc-debug all 
cd src && make
make[1]: Entering directory `/c/Users/Arthur/Documents/GitHub/AODV-Protocol-/hello/src'
make[1]: Leaving directory `/c/Users/Arthur/Documents/GitHub/AODV-Protocol-/hello/src'
